<?xml version="1.0" encoding="UTF-8"?>
<coverage generated="1679831616254" clover="3.2.0">
  <project timestamp="1679831616254" name="All files">
    <metrics statements="10" coveredstatements="0" conditionals="6" coveredconditionals="0" methods="3" coveredmethods="0" elements="19" coveredelements="0" complexity="0" loc="10" ncloc="10" packages="1" files="2" classes="2">
      <file name="sw-precache.js" path="F:\demo1\mobile-web-demo\src\sw-precache.js">
        <metrics statements="1" coveredstatements="0" conditionals="0" coveredconditionals="0" methods="0" coveredmethods="0"/>
        <line num="12" count="0" type="stmt"/>
      </file>
      <file name="sw-register.js" path="F:\demo1\mobile-web-demo\src\sw-register.js">
        <metrics statements="9" coveredstatements="0" conditionals="6" coveredconditionals="0" methods="3" coveredmethods="0"/>
        <line num="7" count="0" type="cond" truecount="0" falsecount="2"/>
        <line num="8" count="0" type="stmt"/>
        <line num="11" count="0" type="cond" truecount="0" falsecount="2"/>
        <line num="12" count="0" type="stmt"/>
        <line num="13" count="0" type="stmt"/>
        <line num="15" count="0" type="cond" truecount="0" falsecount="2"/>
        <line num="18" count="0" type="stmt"/>
        <line num="34" count="0" type="stmt"/>
        <line num="35" count="0" type="stmt"/>
      </file>
    </metrics>
  </project>
</coverage>
