{"F:\\demo1\\mobile-web-demo\\src\\sw-precache.js": {"path":"F:\\demo1\\mobile-web-demo\\src\\sw-precache.js","statementMap":{"0":{"start":{"line":12,"column":0},"end":{"line":112,"column":23}}},"fnMap":{},"branchMap":{},"s":{"0":0},"f":{},"b":{}}
,"F:\\demo1\\mobile-web-demo\\src\\sw-register.js": {"path":"F:\\demo1\\mobile-web-demo\\src\\sw-register.js","statementMap":{"0":{"start":{"line":7,"column":0},"end":{"line":38,"column":3}},"1":{"start":{"line":8,"column":4},"end":{"line":37,"column":7}},"2":{"start":{"line":11,"column":8},"end":{"line":36,"column":9}},"3":{"start":{"line":12,"column":22},"end":{"line":12,"column":51}},"4":{"start":{"line":13,"column":29},"end":{"line":13,"column":77}},"5":{"start":{"line":15,"column":12},"end":{"line":15,"column":56}},"6":{"start":{"line":18,"column":12},"end":{"line":31,"column":14}},"7":{"start":{"line":34,"column":12},"end":{"line":34,"column":43}},"8":{"start":{"line":35,"column":12},"end":{"line":35,"column":106}},"9":{"start":{"line":35,"column":29},"end":{"line":35,"column":100}}},"fnMap":{"0":{"name":"(anonymous_0)","decl":{"start":{"line":7,"column":87},"end":{"line":7,"column":88}},"loc":{"start":{"line":7,"column":93},"end":{"line":38,"column":1}},"line":7},"1":{"name":"(anonymous_1)","decl":{"start":{"line":8,"column":56},"end":{"line":8,"column":57}},"loc":{"start":{"line":8,"column":61},"end":{"line":37,"column":5}},"line":8},"2":{"name":"(anonymous_2)","decl":{"start":{"line":35,"column":23},"end":{"line":35,"column":24}},"loc":{"start":{"line":35,"column":29},"end":{"line":35,"column":100}},"line":35}},"branchMap":{"0":{"loc":{"start":{"line":7,"column":0},"end":{"line":38,"column":2}},"type":"binary-expr","locations":[{"start":{"line":7,"column":0},"end":{"line":7,"column":23}},{"start":{"line":7,"column":27},"end":{"line":38,"column":2}}],"line":7},"1":{"loc":{"start":{"line":11,"column":8},"end":{"line":36,"column":9}},"type":"if","locations":[{"start":{"line":11,"column":8},"end":{"line":36,"column":9}},{"start":{"line":11,"column":8},"end":{"line":36,"column":9}}],"line":11},"2":{"loc":{"start":{"line":15,"column":12},"end":{"line":15,"column":55}},"type":"binary-expr","locations":[{"start":{"line":15,"column":12},"end":{"line":15,"column":22}},{"start":{"line":15,"column":27},"end":{"line":15,"column":54}}],"line":15}},"s":{"0":0,"1":0,"2":0,"3":0,"4":0,"5":0,"6":0,"7":0,"8":0,"9":0},"f":{"0":0,"1":0,"2":0},"b":{"0":[0,0],"1":[0,0],"2":[0,0]}}
}
